<?xml version="1.0" encoding="UTF-8"?>
<testsuite xmlns:xsi="http://www.w3.org/2001/XMLSchema-instance" xsi:noNamespaceSchemaLocation="https://maven.apache.org/surefire/maven-surefire-plugin/xsd/surefire-test-report-3.0.xsd" version="3.0" name="com.financetracker.controller.AuthControllerTest" time="7.971" tests="4" errors="0" skipped="0" failures="0">
  <properties>
[...]
</properties>
  <testcase name="login_WithValidCredentials_ShouldReturn200" classname="com.financetracker.controller.AuthControllerTest" time="0.893">
    <system-out><![CDATA[13:40:14.523 [main] INFO org.springframework.test.context.support.AnnotationConfigContextLoaderUtils -- Could not detect default configuration classes for test class [com.financetracker.controller.AuthControllerTest]: AuthControllerTest does not declare any static, non-private, non-final, nested classes annotated with @Configuration.
13:40:14.745 [main] INFO org.springframework.boot.test.context.SpringBootTestContextBootstrapper -- Found @SpringBootConfiguration com.financetracker.FinanceTrackerApplication for test class com.financetracker.controller.AuthControllerTest

  .   ____          _            __ _ _
 /\\ / ___'_ __ _ _(_)_ __  __ _ \ \ \ \
( ( )\___ | '_ | '_| | '_ \/ _` | \ \ \ \
 \\/  ___)| |_)| | | | | || (_| |  ) ) ) )
  '  |____| .__|_| |_|_| |_\__, | / / / /
 =========|_|==============|___/=/_/_/_/
 :: Spring Boot ::                (v3.2.0)

2026-05-09T13:40:15.380+05:30  INFO 26104 --- [finance-tracker-api] [           main] c.f.controller.AuthControllerTest        : Starting AuthControllerTest using Java 21.0.2 with PID 26104 (started by shail in S:\del\Java Project\finance-tracker-backend)
2026-05-09T13:40:15.381+05:30 DEBUG 26104 --- [finance-tracker-api] [           main] c.f.controller.AuthControllerTest        : Running with Spring Boot v3.2.0, Spring v6.1.1
2026-05-09T13:40:15.383+05:30  INFO 26104 --- [finance-tracker-api] [           main] c.f.controller.AuthControllerTest        : No active profile set, falling back to 1 default profile: "default"
2026-05-09T13:40:21.026+05:30  INFO 26104 --- [finance-tracker-api] [           main] o.s.b.t.m.w.SpringBootMockServletContext : Initializing Spring TestDispatcherServlet ''
2026-05-09T13:40:21.026+05:30  INFO 26104 --- [finance-tracker-api] [           main] o.s.t.web.servlet.TestDispatcherServlet  : Initializing Servlet ''
2026-05-09T13:40:21.038+05:30  INFO 26104 --- [finance-tracker-api] [           main] o.s.t.web.servlet.TestDispatcherServlet  : Completed initialization in 3 ms
2026-05-09T13:40:21.151+05:30  INFO 26104 --- [finance-tracker-api] [           main] c.f.controller.AuthControllerTest        : Started AuthControllerTest in 6.279 seconds (process running for 7.947)
]]></system-out>
    <system-err><![CDATA[WARNING: A Java agent has been loaded dynamically (C:\Users\shail\.m2\repository\net\bytebuddy\byte-buddy-agent\1.14.10\byte-buddy-agent-1.14.10.jar)
WARNING: If a serviceability tool is in use, please run with -XX:+EnableDynamicAgentLoading to hide this warning
WARNING: If a serviceability tool is not in use, please run with -Djdk.instrument.traceUsage for more information
WARNING: Dynamic loading of agents will be disallowed by default in a future release
]]></system-err>
  </testcase>
  <testcase name="register_WithValidData_ShouldReturn200" classname="com.financetracker.controller.AuthControllerTest" time="0.019"/>
  <testcase name="register_WhenServiceThrows_ShouldReturn400" classname="com.financetracker.controller.AuthControllerTest" time="0.039"/>
  <testcase name="health_ShouldReturn200" classname="com.financetracker.controller.AuthControllerTest" time="0.03">
    <system-out><![CDATA[
MockHttpServletRequest:
      HTTP Method = GET
      Request URI = /auth/health
       Parameters = {}
          Headers = []
             Body = null
    Session Attrs = {}

Handler:
             Type = com.financetracker.controller.AuthController
           Method = com.financetracker.controller.AuthController#health()

Async:
    Async started = false
     Async result = null

Resolved Exception:
             Type = null

ModelAndView:
        View name = null
             View = null
            Model = null

FlashMap:
       Attributes = null

MockHttpServletResponse:
           Status = 200
    Error message = null
          Headers = [Vary:"Origin", "Access-Control-Request-Method", "Access-Control-Request-Headers", Content-Type:"application/json"]
     Content type = application/json
             Body = {"message":"Authentication service is running","status":"OK"}
    Forwarded URL = null
   Redirected URL = null
          Cookies = []
]]></system-out>
  </testcase>
</testsuite>